<?xml version="1.0" encoding="UTF-8"?>
<testsuite name="MinesweeperTest" tests="1" skipped="0" failures="0" errors="0" timestamp="2020-11-02T20:49:08" hostname="DESKTOP-GKSSB9M" time="1.371">
  <properties/>
  <testcase name="start" classname="MinesweeperTest" time="1.371"/>
  <system-out><![CDATA[?[1;31m
Start test 1?[0m
How many mines do you want on the field? > 1
 |123456789|
-|---------|
1|.1.1.....|
2|.111.....|
3|.........|
4|.........|
5|.........|
6|.........|
7|.........|
8|.........|
9|.........|
-|---------|
Set/delete mines marks (x and y coordinates): > 1 2
 |123456789|
-|---------|
1|.1.1.....|
2|*111.....|
3|.........|
4|.........|
5|.........|
6|.........|
7|.........|
8|.........|
9|.........|
-|---------|
Set/delete mines marks (x and y coordinates): > 1 2
 |123456789|
-|---------|
1|.1.1.....|
2|.111.....|
3|.........|
4|.........|
5|.........|
6|.........|
7|.........|
8|.........|
9|.........|
-|---------|
Set/delete mines marks (x and y coordinates): > 3 1
Congratulations! You found all the mines!
?[1;31m
Start test 2?[0m
How many mines do you want on the field? > 1
 |123456789|
-|---------|
1|.111.....|
2|.1.1.....|
3|.111.....|
4|.........|
5|.........|
6|.........|
7|.........|
8|.........|
9|.........|
-|---------|
Set/delete mines marks (x and y coordinates): > 1 2
 |123456789|
-|---------|
1|.111.....|
2|*1.1.....|
3|.111.....|
4|.........|
5|.........|
6|.........|
7|.........|
8|.........|
9|.........|
-|---------|
Set/delete mines marks (x and y coordinates): > 1 2
 |123456789|
-|---------|
1|.111.....|
2|.1.1.....|
3|.111.....|
4|.........|
5|.........|
6|.........|
7|.........|
8|.........|
9|.........|
-|---------|
Set/delete mines marks (x and y coordinates): > 3 2
Congratulations! You found all the mines!
?[1;31m
Start test 3?[0m
How many mines do you want on the field? > 1
 |123456789|
-|---------|
1|..1.1....|
2|..111....|
3|.........|
4|.........|
5|.........|
6|.........|
7|.........|
8|.........|
9|.........|
-|---------|
Set/delete mines marks (x and y coordinates): > 1 2
 |123456789|
-|---------|
1|..1.1....|
2|*.111....|
3|.........|
4|.........|
5|.........|
6|.........|
7|.........|
8|.........|
9|.........|
-|---------|
Set/delete mines marks (x and y coordinates): > 1 2
 |123456789|
-|---------|
1|..1.1....|
2|..111....|
3|.........|
4|.........|
5|.........|
6|.........|
7|.........|
8|.........|
9|.........|
-|---------|
Set/delete mines marks (x and y coordinates): > 4 1
Congratulations! You found all the mines!
?[1;31m
Start test 4?[0m
How many mines do you want on the field? > 1
 |123456789|
-|---------|
1|11.......|
2|.1.......|
3|11.......|
4|.........|
5|.........|
6|.........|
7|.........|
8|.........|
9|.........|
-|---------|
Set/delete mines marks (x and y coordinates): > 1 2
Congratulations! You found all the mines!
?[1;31m
Start test 5?[0m
How many mines do you want on the field? > 1
 |123456789|
-|---------|
1|.........|
2|.........|
3|.........|
4|.........|
5|.........|
6|.........|
7|...111...|
8|...1.1...|
9|...111...|
-|---------|
Set/delete mines marks (x and y coordinates): > 1 2
 |123456789|
-|---------|
1|.........|
2|*........|
3|.........|
4|.........|
5|.........|
6|.........|
7|...111...|
8|...1.1...|
9|...111...|
-|---------|
Set/delete mines marks (x and y coordinates): > 1 2
 |123456789|
-|---------|
1|.........|
2|.........|
3|.........|
4|.........|
5|.........|
6|.........|
7|...111...|
8|...1.1...|
9|...111...|
-|---------|
Set/delete mines marks (x and y coordinates): > 5 8
Congratulations! You found all the mines!
?[1;31m
Start test 6?[0m
How many mines do you want on the field? > 1
 |123456789|
-|---------|
1|.........|
2|.........|
3|.........|
4|.........|
5|.........|
6|....111..|
7|....1.1..|
8|....111..|
9|.........|
-|---------|
Set/delete mines marks (x and y coordinates): > 1 2
 |123456789|
-|---------|
1|.........|
2|*........|
3|.........|
4|.........|
5|.........|
6|....111..|
7|....1.1..|
8|....111..|
9|.........|
-|---------|
Set/delete mines marks (x and y coordinates): > 1 2
 |123456789|
-|---------|
1|.........|
2|.........|
3|.........|
4|.........|
5|.........|
6|....111..|
7|....1.1..|
8|....111..|
9|.........|
-|---------|
Set/delete mines marks (x and y coordinates): > 6 7
Congratulations! You found all the mines!
?[1;31m
Start test 7?[0m
How many mines do you want on the field? > 1
 |123456789|
-|---------|
1|.........|
2|.........|
3|.........|
4|.........|
5|.........|
6|.........|
7|.........|
8|.......11|
9|.......1.|
-|---------|
Set/delete mines marks (x and y coordinates): > 1 2
 |123456789|
-|---------|
1|.........|
2|*........|
3|.........|
4|.........|
5|.........|
6|.........|
7|.........|
8|.......11|
9|.......1.|
-|---------|
Set/delete mines marks (x and y coordinates): > 1 2
 |123456789|
-|---------|
1|.........|
2|.........|
3|.........|
4|.........|
5|.........|
6|.........|
7|.........|
8|.......11|
9|.......1.|
-|---------|
Set/delete mines marks (x and y coordinates): > 9 9
Congratulations! You found all the mines!
?[1;31m
Start test 8?[0m
How many mines do you want on the field? > 1
 |123456789|
-|---------|
1|.........|
2|.........|
3|.........|
4|.........|
5|.........|
6|.........|
7|.........|
8|......111|
9|......1.1|
-|---------|
Set/delete mines marks (x and y coordinates): > 1 2
 |123456789|
-|---------|
1|.........|
2|*........|
3|.........|
4|.........|
5|.........|
6|.........|
7|.........|
8|......111|
9|......1.1|
-|---------|
Set/delete mines marks (x and y coordinates): > 1 2
 |123456789|
-|---------|
1|.........|
2|.........|
3|.........|
4|.........|
5|.........|
6|.........|
7|.........|
8|......111|
9|......1.1|
-|---------|
Set/delete mines marks (x and y coordinates): > 8 9
Congratulations! You found all the mines!
?[1;31m
Start test 9?[0m
How many mines do you want on the field? > 1
 |123456789|
-|---------|
1|.........|
2|.........|
3|.........|
4|.........|
5|.........|
6|11.......|
7|.1.......|
8|11.......|
9|.........|
-|---------|
Set/delete mines marks (x and y coordinates): > 1 2
 |123456789|
-|---------|
1|.........|
2|*........|
3|.........|
4|.........|
5|.........|
6|11.......|
7|.1.......|
8|11.......|
9|.........|
-|---------|
Set/delete mines marks (x and y coordinates): > 1 2
 |123456789|
-|---------|
1|.........|
2|.........|
3|.........|
4|.........|
5|.........|
6|11.......|
7|.1.......|
8|11.......|
9|.........|
-|---------|
Set/delete mines marks (x and y coordinates): > 1 7
Congratulations! You found all the mines!
?[1;31m
Start test 10?[0m
How many mines do you want on the field? > 1
 |123456789|
-|---------|
1|.........|
2|.........|
3|.........|
4|.........|
5|.........|
6|.........|
7|.........|
8|..111....|
9|..1.1....|
-|---------|
Set/delete mines marks (x and y coordinates): > 1 2
 |123456789|
-|---------|
1|.........|
2|*........|
3|.........|
4|.........|
5|.........|
6|.........|
7|.........|
8|..111....|
9|..1.1....|
-|---------|
Set/delete mines marks (x and y coordinates): > 1 2
 |123456789|
-|---------|
1|.........|
2|.........|
3|.........|
4|.........|
5|.........|
6|.........|
7|.........|
8|..111....|
9|..1.1....|
-|---------|
Set/delete mines marks (x and y coordinates): > 4 9
Congratulations! You found all the mines!
?[1;31m
Start test 11?[0m
How many mines do you want on the field? > 5
 |123456789|
-|---------|
1|11.......|
2|.2.......|
3|.2...111.|
4|111111.1.|
5|..1.1111.|
6|..111....|
7|.........|
8|.......11|
9|.......1.|
-|---------|
Set/delete mines marks (x and y coordinates): > 7 4
 |123456789|
-|---------|
1|11.......|
2|.2.......|
3|.2...111.|
4|111111*1.|
5|..1.1111.|
6|..111....|
7|.........|
8|.......11|
9|.......1.|
-|---------|
Set/delete mines marks (x and y coordinates): > 4 5
 |123456789|
-|---------|
1|11.......|
2|.2.......|
3|.2...111.|
4|111111*1.|
5|..1*1111.|
6|..111....|
7|.........|
8|.......11|
9|.......1.|
-|---------|
Set/delete mines marks (x and y coordinates): > 1 2
 |123456789|
-|---------|
1|11.......|
2|*2.......|
3|.2...111.|
4|111111*1.|
5|..1*1111.|
6|..111....|
7|.........|
8|.......11|
9|.......1.|
-|---------|
Set/delete mines marks (x and y coordinates): > 1 3
 |123456789|
-|---------|
1|11.......|
2|*2.......|
3|*2...111.|
4|111111*1.|
5|..1*1111.|
6|..111....|
7|.........|
8|.......11|
9|.......1.|
-|---------|
Set/delete mines marks (x and y coordinates): > 9 9
Congratulations! You found all the mines!
?[1;31m
Start test 12?[0m
How many mines do you want on the field? > 5
 |123456789|
-|---------|
1|...1.1...|
2|...111111|
3|......1.1|
4|......111|
5|.........|
6|.........|
7|221......|
8|..1.111..|
9|221.1.1..|
-|---------|
Set/delete mines marks (x and y coordinates): > 8 3
 |123456789|
-|---------|
1|...1.1...|
2|...111111|
3|......1*1|
4|......111|
5|.........|
6|.........|
7|221......|
8|..1.111..|
9|221.1.1..|
-|---------|
Set/delete mines marks (x and y coordinates): > 2 8
 |123456789|
-|---------|
1|...1.1...|
2|...111111|
3|......1*1|
4|......111|
5|.........|
6|.........|
7|221......|
8|.*1.111..|
9|221.1.1..|
-|---------|
Set/delete mines marks (x and y coordinates): > 6 9
 |123456789|
-|---------|
1|...1.1...|
2|...111111|
3|......1*1|
4|......111|
5|.........|
6|.........|
7|221......|
8|.*1.111..|
9|221.1*1..|
-|---------|
Set/delete mines marks (x and y coordinates): > 5 1
 |123456789|
-|---------|
1|...1*1...|
2|...111111|
3|......1*1|
4|......111|
5|.........|
6|.........|
7|221......|
8|.*1.111..|
9|221.1*1..|
-|---------|
Set/delete mines marks (x and y coordinates): > 1 8
Congratulations! You found all the mines!
?[1;31m
Start test 13?[0m
How many mines do you want on the field? > 5
 |123456789|
-|---------|
1|.........|
2|.111.....|
3|.1.1.....|
4|.1221....|
5|111.1....|
6|.1111....|
7|11.......|
8|.....1221|
9|.....1..1|
-|---------|
Set/delete mines marks (x and y coordinates): > 3 3
 |123456789|
-|---------|
1|.........|
2|.111.....|
3|.1*1.....|
4|.1221....|
5|111.1....|
6|.1111....|
7|11.......|
8|.....1221|
9|.....1..1|
-|---------|
Set/delete mines marks (x and y coordinates): > 4 5
 |123456789|
-|---------|
1|.........|
2|.111.....|
3|.1*1.....|
4|.1221....|
5|111*1....|
6|.1111....|
7|11.......|
8|.....1221|
9|.....1..1|
-|---------|
Set/delete mines marks (x and y coordinates): > 1 6
 |123456789|
-|---------|
1|.........|
2|.111.....|
3|.1*1.....|
4|.1221....|
5|111*1....|
6|*1111....|
7|11.......|
8|.....1221|
9|.....1..1|
-|---------|
Set/delete mines marks (x and y coordinates): > 8 9
 |123456789|
-|---------|
1|.........|
2|.111.....|
3|.1*1.....|
4|.1221....|
5|111*1....|
6|*1111....|
7|11.......|
8|.....1221|
9|.....1.*1|
-|---------|
Set/delete mines marks (x and y coordinates): > 7 9
Congratulations! You found all the mines!
]]></system-out>
  <system-err><![CDATA[]]></system-err>
</testsuite>
